{"name":"Register on the Utest page","id":"register-in-utest;register-on-the-utest-page","testSteps":[{"number":1,"description":"Given Jonathan wants to register on the UTest page.","duration":117369,"startTime":"2021-02-17T10:07:08.494-05:00[America/Bogota]","screenshots":[{"screenshot":"71e0b1f91ccc76a633eafa0614dea776d7a41f7a0b3feafd21802d7cb02cfbf2.png","timeStamp":1613574545863}],"result":"SUCCESS","precondition":false,"level":0,"lineNumber":0,"children":[{"number":2,"description":"Jonnathan open up","duration":112921,"startTime":"2021-02-17T10:07:11.307-05:00[America/Bogota]","screenshots":[{"screenshot":"7658f3ff952030416083aec2cc20ae864dc034dfde67090f0a3259bf81b977db.png","timeStamp":1613574544228}],"result":"SUCCESS","precondition":false,"level":1,"lineNumber":0,"children":[{"number":3,"description":"Jonnathan opens the Utest page","duration":112240,"startTime":"2021-02-17T10:07:11.386-05:00[America/Bogota]","screenshots":[{"screenshot":"7658f3ff952030416083aec2cc20ae864dc034dfde67090f0a3259bf81b977db.png","timeStamp":1613574543626}],"result":"SUCCESS","precondition":false,"level":2,"lineNumber":0}]},{"number":4,"description":"Jonnathan join","duration":1619,"startTime":"2021-02-17T10:09:04.228-05:00[America/Bogota]","screenshots":[{"screenshot":"71e0b1f91ccc76a633eafa0614dea776d7a41f7a0b3feafd21802d7cb02cfbf2.png","timeStamp":1613574545847}],"result":"SUCCESS","precondition":false,"level":1,"lineNumber":0,"children":[{"number":5,"description":"Jonnathan clicks on button that shows us the form to join","duration":1550,"startTime":"2021-02-17T10:09:04.291-05:00[America/Bogota]","screenshots":[{"screenshot":"71e0b1f91ccc76a633eafa0614dea776d7a41f7a0b3feafd21802d7cb02cfbf2.png","timeStamp":1613574545840}],"result":"SUCCESS","precondition":false,"level":2,"lineNumber":0}]}]},{"number":6,"description":"When you fill out the registration form.","duration":11984,"startTime":"2021-02-17T10:09:05.863-05:00[America/Bogota]","exception":{"errorType":"net.thucydides.core.webdriver.exceptions.ElementShouldBeEnabledException","message":"Expected enabled element was not enabled","stackTrace":[{"declaringClass":"co.com.choucair.certification.utest.tasks.Fill","methodName":"performAs","fileName":"Fill.java","lineNumber":17},{"declaringClass":"co.com.choucair.certification.utest.stepdefinitions.UtestStepDefinitions","methodName":"youFillOutTheRegistrationForm","fileName":"UtestStepDefinitions.java","lineNumber":28},{"declaringClass":"cucumber.runner.Runner","methodName":"runPickle","fileName":"Runner.java","lineNumber":80}],"rootCause":{"errorType":"org.openqa.selenium.TimeoutException","message":"Expected condition failed: waiting for By.id: firstName to be enabled (tried for 5 second(s) with 100 milliseconds interval)","stackTrace":[{"declaringClass":"co.com.choucair.certification.utest.tasks.Fill","methodName":"performAs","fileName":"Fill.java","lineNumber":17},{"declaringClass":"co.com.choucair.certification.utest.stepdefinitions.UtestStepDefinitions","methodName":"youFillOutTheRegistrationForm","fileName":"UtestStepDefinitions.java","lineNumber":28},{"declaringClass":"cucumber.runner.Runner","methodName":"runPickle","fileName":"Runner.java","lineNumber":80}],"rootCause":{"errorType":"org.openqa.selenium.NoSuchElementException","message":"no such element: Unable to locate element: {\"method\":\"css selector\",\"selector\":\"#firstName\"}\n  (Session info: chrome\u003d88.0.4324.150)\nFor documentation on this error, please visit: https://www.seleniumhq.org/exceptions/no_such_element.html\nBuild info: version: \u00273.141.59\u0027, revision: \u0027e82be7d358\u0027, time: \u00272018-11-14T08:17:03\u0027\nSystem info: host: \u0027LAPTOP-4EC1CT66\u0027, ip: \u0027192.168.1.114\u0027, os.name: \u0027Windows 10\u0027, os.arch: \u0027amd64\u0027, os.version: \u002710.0\u0027, java.version: \u00271.8.0_111\u0027\nDriver info: org.openqa.selenium.chrome.ChromeDriver\nCapabilities {acceptInsecureCerts: false, browserName: chrome, browserVersion: 88.0.4324.150, chrome: {chromedriverVersion: 88.0.4324.96 (68dba2d8a0b14..., userDataDir: C:\\Users\\jonna\\AppData\\Loca...}, goog:chromeOptions: {debuggerAddress: localhost:64281}, javascriptEnabled: true, networkConnectionEnabled: false, pageLoadStrategy: normal, platform: WINDOWS, platformName: WINDOWS, proxy: Proxy(), setWindowRect: true, strictFileInteractability: false, timeouts: {implicit: 0, pageLoad: 300000, script: 30000}, unhandledPromptBehavior: dismiss and notify, webauthn:extension:largeBlob: true, webauthn:virtualAuthenticators: true}\nSession ID: 222ad68916e0699287baa98cd0a9228e\n*** Element info: {Using\u003did, value\u003dfirstName}","stackTrace":[{"declaringClass":"co.com.choucair.certification.utest.tasks.Fill","methodName":"performAs","fileName":"Fill.java","lineNumber":17},{"declaringClass":"co.com.choucair.certification.utest.stepdefinitions.UtestStepDefinitions","methodName":"youFillOutTheRegistrationForm","fileName":"UtestStepDefinitions.java","lineNumber":28},{"declaringClass":"cucumber.runner.Runner","methodName":"runPickle","fileName":"Runner.java","lineNumber":80}]}}},"result":"FAILURE","precondition":false,"level":0,"lineNumber":0,"children":[{"number":7,"description":"Jonnathan fill","duration":11906,"startTime":"2021-02-17T10:09:05.925-05:00[America/Bogota]","exception":{"errorType":"net.thucydides.core.webdriver.exceptions.ElementShouldBeEnabledException","message":"Expected enabled element was not enabled","stackTrace":[{"declaringClass":"co.com.choucair.certification.utest.tasks.Fill","methodName":"performAs","fileName":"Fill.java","lineNumber":17},{"declaringClass":"co.com.choucair.certification.utest.stepdefinitions.UtestStepDefinitions","methodName":"youFillOutTheRegistrationForm","fileName":"UtestStepDefinitions.java","lineNumber":28},{"declaringClass":"cucumber.runner.Runner","methodName":"runPickle","fileName":"Runner.java","lineNumber":80}],"rootCause":{"errorType":"org.openqa.selenium.TimeoutException","message":"Expected condition failed: waiting for By.id: firstName to be enabled (tried for 5 second(s) with 100 milliseconds interval)","stackTrace":[{"declaringClass":"co.com.choucair.certification.utest.tasks.Fill","methodName":"performAs","fileName":"Fill.java","lineNumber":17},{"declaringClass":"co.com.choucair.certification.utest.stepdefinitions.UtestStepDefinitions","methodName":"youFillOutTheRegistrationForm","fileName":"UtestStepDefinitions.java","lineNumber":28},{"declaringClass":"cucumber.runner.Runner","methodName":"runPickle","fileName":"Runner.java","lineNumber":80}],"rootCause":{"errorType":"org.openqa.selenium.NoSuchElementException","message":"no such element: Unable to locate element: {\"method\":\"css selector\",\"selector\":\"#firstName\"}\n  (Session info: chrome\u003d88.0.4324.150)\nFor documentation on this error, please visit: https://www.seleniumhq.org/exceptions/no_such_element.html\nBuild info: version: \u00273.141.59\u0027, revision: \u0027e82be7d358\u0027, time: \u00272018-11-14T08:17:03\u0027\nSystem info: host: \u0027LAPTOP-4EC1CT66\u0027, ip: \u0027192.168.1.114\u0027, os.name: \u0027Windows 10\u0027, os.arch: \u0027amd64\u0027, os.version: \u002710.0\u0027, java.version: \u00271.8.0_111\u0027\nDriver info: org.openqa.selenium.chrome.ChromeDriver\nCapabilities {acceptInsecureCerts: false, browserName: chrome, browserVersion: 88.0.4324.150, chrome: {chromedriverVersion: 88.0.4324.96 (68dba2d8a0b14..., userDataDir: C:\\Users\\jonna\\AppData\\Loca...}, goog:chromeOptions: {debuggerAddress: localhost:64281}, javascriptEnabled: true, networkConnectionEnabled: false, pageLoadStrategy: normal, platform: WINDOWS, platformName: WINDOWS, proxy: Proxy(), setWindowRect: true, strictFileInteractability: false, timeouts: {implicit: 0, pageLoad: 300000, script: 30000}, unhandledPromptBehavior: dismiss and notify, webauthn:extension:largeBlob: true, webauthn:virtualAuthenticators: true}\nSession ID: 222ad68916e0699287baa98cd0a9228e\n*** Element info: {Using\u003did, value\u003dfirstName}","stackTrace":[{"declaringClass":"co.com.choucair.certification.utest.tasks.Fill","methodName":"performAs","fileName":"Fill.java","lineNumber":17},{"declaringClass":"co.com.choucair.certification.utest.stepdefinitions.UtestStepDefinitions","methodName":"youFillOutTheRegistrationForm","fileName":"UtestStepDefinitions.java","lineNumber":28},{"declaringClass":"cucumber.runner.Runner","methodName":"runPickle","fileName":"Runner.java","lineNumber":80}]}}},"result":"FAILURE","precondition":false,"level":1,"lineNumber":0,"children":[{"number":8,"description":"Jonnathan enters \u0027Jonnathan\u0027 into Ingresa el primer nombre","duration":11661,"startTime":"2021-02-17T10:09:06.155-05:00[America/Bogota]","screenshots":[{"screenshot":"6197dfa629e7ebb7e1b404e763c4279ec9f74f0e4d011bb8580a95788cfed1f2.png","htmlSource":"pagesource485266486899941598.html.txt","timeStamp":1613574557785}],"exception":{"errorType":"net.thucydides.core.webdriver.exceptions.ElementShouldBeEnabledException","message":"Expected enabled element was not enabled","stackTrace":[{"declaringClass":"co.com.choucair.certification.utest.tasks.Fill","methodName":"performAs","fileName":"Fill.java","lineNumber":17},{"declaringClass":"co.com.choucair.certification.utest.stepdefinitions.UtestStepDefinitions","methodName":"youFillOutTheRegistrationForm","fileName":"UtestStepDefinitions.java","lineNumber":28},{"declaringClass":"cucumber.runner.Runner","methodName":"runPickle","fileName":"Runner.java","lineNumber":80}],"rootCause":{"errorType":"org.openqa.selenium.TimeoutException","message":"Expected condition failed: waiting for By.id: firstName to be enabled (tried for 5 second(s) with 100 milliseconds interval)","stackTrace":[{"declaringClass":"co.com.choucair.certification.utest.tasks.Fill","methodName":"performAs","fileName":"Fill.java","lineNumber":17},{"declaringClass":"co.com.choucair.certification.utest.stepdefinitions.UtestStepDefinitions","methodName":"youFillOutTheRegistrationForm","fileName":"UtestStepDefinitions.java","lineNumber":28},{"declaringClass":"cucumber.runner.Runner","methodName":"runPickle","fileName":"Runner.java","lineNumber":80}],"rootCause":{"errorType":"org.openqa.selenium.NoSuchElementException","message":"no such element: Unable to locate element: {\"method\":\"css selector\",\"selector\":\"#firstName\"}\n  (Session info: chrome\u003d88.0.4324.150)\nFor documentation on this error, please visit: https://www.seleniumhq.org/exceptions/no_such_element.html\nBuild info: version: \u00273.141.59\u0027, revision: \u0027e82be7d358\u0027, time: \u00272018-11-14T08:17:03\u0027\nSystem info: host: \u0027LAPTOP-4EC1CT66\u0027, ip: \u0027192.168.1.114\u0027, os.name: \u0027Windows 10\u0027, os.arch: \u0027amd64\u0027, os.version: \u002710.0\u0027, java.version: \u00271.8.0_111\u0027\nDriver info: org.openqa.selenium.chrome.ChromeDriver\nCapabilities {acceptInsecureCerts: false, browserName: chrome, browserVersion: 88.0.4324.150, chrome: {chromedriverVersion: 88.0.4324.96 (68dba2d8a0b14..., userDataDir: C:\\Users\\jonna\\AppData\\Loca...}, goog:chromeOptions: {debuggerAddress: localhost:64281}, javascriptEnabled: true, networkConnectionEnabled: false, pageLoadStrategy: normal, platform: WINDOWS, platformName: WINDOWS, proxy: Proxy(), setWindowRect: true, strictFileInteractability: false, timeouts: {implicit: 0, pageLoad: 300000, script: 30000}, unhandledPromptBehavior: dismiss and notify, webauthn:extension:largeBlob: true, webauthn:virtualAuthenticators: true}\nSession ID: 222ad68916e0699287baa98cd0a9228e\n*** Element info: {Using\u003did, value\u003dfirstName}","stackTrace":[{"declaringClass":"co.com.choucair.certification.utest.tasks.Fill","methodName":"performAs","fileName":"Fill.java","lineNumber":17},{"declaringClass":"co.com.choucair.certification.utest.stepdefinitions.UtestStepDefinitions","methodName":"youFillOutTheRegistrationForm","fileName":"UtestStepDefinitions.java","lineNumber":28},{"declaringClass":"cucumber.runner.Runner","methodName":"runPickle","fileName":"Runner.java","lineNumber":80}]}}},"result":"FAILURE","precondition":false,"level":2,"lineNumber":0}]}]},{"number":9,"description":"Then register on the page.","duration":15,"startTime":"2021-02-17T10:09:17.910-05:00[America/Bogota]","result":"SKIPPED","precondition":false,"level":0,"lineNumber":0}],"userStory":{"id":"register-in-utest","storyName":"Register in Utest","path":"src/test/resources/features/utest.feature","narrative":"  As a user I want to register on the Utest page","type":"feature"},"featureTag":{"name":"Features/Register in Utest","type":"feature","displayName":"Features/Register in Utest"},"title":"Register on the Utest page","tags":[{"name":"Register in Utest","type":"feature","displayName":"Register in Utest"},{"name":"scenario1","type":"tag","displayName":"scenario1"},{"name":"stories","type":"tag","displayName":"stories"}],"startTime":"2021-02-17T10:07:07.433-05:00[America/Bogota]","duration":130492,"testFailureCause":{"errorType":"net.thucydides.core.webdriver.exceptions.ElementShouldBeEnabledException","message":"Expected enabled element was not enabled","stackTrace":[{"declaringClass":"co.com.choucair.certification.utest.tasks.Fill","methodName":"performAs","fileName":"Fill.java","lineNumber":17},{"declaringClass":"co.com.choucair.certification.utest.stepdefinitions.UtestStepDefinitions","methodName":"youFillOutTheRegistrationForm","fileName":"UtestStepDefinitions.java","lineNumber":28},{"declaringClass":"cucumber.runner.Runner","methodName":"runPickle","fileName":"Runner.java","lineNumber":80}],"rootCause":{"errorType":"org.openqa.selenium.TimeoutException","message":"Expected condition failed: waiting for By.id: firstName to be enabled (tried for 5 second(s) with 100 milliseconds interval)","stackTrace":[{"declaringClass":"co.com.choucair.certification.utest.tasks.Fill","methodName":"performAs","fileName":"Fill.java","lineNumber":17},{"declaringClass":"co.com.choucair.certification.utest.stepdefinitions.UtestStepDefinitions","methodName":"youFillOutTheRegistrationForm","fileName":"UtestStepDefinitions.java","lineNumber":28},{"declaringClass":"cucumber.runner.Runner","methodName":"runPickle","fileName":"Runner.java","lineNumber":80}],"rootCause":{"errorType":"org.openqa.selenium.NoSuchElementException","message":"no such element: Unable to locate element: {\"method\":\"css selector\",\"selector\":\"#firstName\"}\n  (Session info: chrome\u003d88.0.4324.150)\nFor documentation on this error, please visit: https://www.seleniumhq.org/exceptions/no_such_element.html\nBuild info: version: \u00273.141.59\u0027, revision: \u0027e82be7d358\u0027, time: \u00272018-11-14T08:17:03\u0027\nSystem info: host: \u0027LAPTOP-4EC1CT66\u0027, ip: \u0027192.168.1.114\u0027, os.name: \u0027Windows 10\u0027, os.arch: \u0027amd64\u0027, os.version: \u002710.0\u0027, java.version: \u00271.8.0_111\u0027\nDriver info: org.openqa.selenium.chrome.ChromeDriver\nCapabilities {acceptInsecureCerts: false, browserName: chrome, browserVersion: 88.0.4324.150, chrome: {chromedriverVersion: 88.0.4324.96 (68dba2d8a0b14..., userDataDir: C:\\Users\\jonna\\AppData\\Loca...}, goog:chromeOptions: {debuggerAddress: localhost:64281}, javascriptEnabled: true, networkConnectionEnabled: false, pageLoadStrategy: normal, platform: WINDOWS, platformName: WINDOWS, proxy: Proxy(), setWindowRect: true, strictFileInteractability: false, timeouts: {implicit: 0, pageLoad: 300000, script: 30000}, unhandledPromptBehavior: dismiss and notify, webauthn:extension:largeBlob: true, webauthn:virtualAuthenticators: true}\nSession ID: 222ad68916e0699287baa98cd0a9228e\n*** Element info: {Using\u003did, value\u003dfirstName}","stackTrace":[{"declaringClass":"co.com.choucair.certification.utest.tasks.Fill","methodName":"performAs","fileName":"Fill.java","lineNumber":17},{"declaringClass":"co.com.choucair.certification.utest.stepdefinitions.UtestStepDefinitions","methodName":"youFillOutTheRegistrationForm","fileName":"UtestStepDefinitions.java","lineNumber":28},{"declaringClass":"cucumber.runner.Runner","methodName":"runPickle","fileName":"Runner.java","lineNumber":80}]}}},"testFailureClassname":"net.thucydides.core.webdriver.exceptions.ElementShouldBeEnabledException","testFailureMessage":"Expected enabled element was not enabled","testFailureSummary":"FAILURE;net.thucydides.core.webdriver.exceptions.ElementShouldBeEnabledException;Expected enabled element was not enabled;Fill.java","projectKey":"","annotatedResult":"FAILURE","sessionId":"222ad68916e0699287baa98cd0a9228e","driver":"chrome:jonnathan","isManualTestingUpToDate":false,"manual":false,"testSource":"Cucumber","actors":[{"name":"Jonnathan","can":["browse the web"]}],"result":"FAILURE"}